/lib64/ld-linux-x86-64.so.2
libc.so.6
socket
fflush
strcpy
exit
sprintf
fopen
__isoc99_sscanf
connect
signal
puts
stdin
strtol
fgets
__errno_location
read
stdout
__ctype_b_loc
getenv
stderr
alarm
gethostbyname
bcopy
close
fprintf
sleep
__cxa_finalize
__libc_start_main
write
_ITM_deregisterTMCloneTable
__gmon_start__
_Jv_RegisterClasses
_ITM_registerTMCloneTable
GLIBC_2.3
GLIBC_2.7
GLIBC_2.2.5
5r2 
%t2 
%r2 
%j2 
%b2 
%Z2 
%R2 
%J2 
%B2 
%:2 
%22 
%*2 
%"2 
=q7 
t&ATUSA
[]A\
AUATUSH
d$0L
t$(H
X[]A\A]
ATUSH
[]A\
t':E
***truncH
ated***
=;. 
AVAUATUSH
[]A\A]A^
AWAVAUATUSH
D$ L
D$8H
D$(I
Error: CI
lient unI
able to I
create sI
G ockefA
Error: DI
NS is unI
able to I
resolve I
server aI
G(ddrefA
G,ssA
Error: UI
nable toI
 connectI
 to the I
G servfA
G$erA
Error: RI
esult stI
ring tooI
 large. I
IncreaseI
 SUBMITRI
_MAXBUF
<_v	
D$@H
Error: CI
lient unI
able to I
write toI
 the serI
G(ver
Error: CI
lient unI
able to I
read firI
st headeI
r from sI
G0ervefA
L$@H
Error: CI
lient unI
able to I
read heaI
ders froI
m serverI
[]A\A]A^A_
Error: CI
lient unI
able to I
read staI
tus messI
age fromI
 server
Error: RI
esult stI
ring conI
tains anI
 illegalI
 or unprI
intable I
characteI
G8fA
G@r.A
L$(L
D$0H
L$ H
ATUSH
[]A\
Error: CH
lient unH
able to H
create sH
E ockef
Error: DH
NS is unH
able to H
resolve H
server aH
E(ddref
E,ss
APRL
AWAVA
AUATL
[]A\A]A^A_
%s: Error: Couldn't open %s
Usage: %s [<input_file>]
That's number 2.  Keep going!
Halfway there!
Good work!  On to the next...
Welcome to my fiendish little bomb. You have 6 phases with
which to blow yourself up. Have a nice day!
Phase 1 defused. How about the next one?
So you got that one.  Try this one.
You can Russia from land here in Alaska.
Wow! You've defused the secret stage!
So you think you can stop the bomb with ctrl-c, do you?
Curses, you've found the secret phase!
But finding it and solving it are quite different...
Congratulations! You've defused the bomb!
Well...
OK. :-)
Invalid phase%s
BOOM!!!
The bomb has blown up.
%d %d %d %d %d %d
Error: Premature EOF on stdin
GRADE_BOMB
Error: Input line too long
%d %d %s
DrEvil
greatwhite.ics.cs.cmu.edu
angelshark.ics.cs.cmu.edu
makoshark.ics.cs.cmu.edu
whaleshark.ics.cs.cmu.edu
Program timed out after %d seconds
Error: HTTP request failed with error %d: %s
GET /%s/submitr.pl/?userid=%s&userpwd=%s&lab=%s&result=%s&submit=submit HTTP/1.0
Error: Unable to connect to server %s
%%%02X
%s %d %[a-zA-z ]
changeme.ics.cs.cmu.edu
AUTORESULT_STRING=%s
bomblab
csapp
;*3$"
GCC: (Debian 6.3.0-18+deb9u1) 6.3.0 20170516
/usr/lib/gcc/x86_64-linux-gnu/6/include
/usr/include/x86_64-linux-gnu/bits
/usr/include
bomb.c
stddef.h
types.h
stdio.h
libio.h
sys_errlist.h
support.h
phases.h
stdlib.h
<built-in>
printf
__off_t
_IO_read_ptr
_chain
size_t
_shortbuf
_IO_2_1_stderr_
_IO_buf_base
long long unsigned int
read_line
long long int
phase_defused
_fileno
_IO_read_end
_flags
_IO_buf_end
_cur_column
_old_offset
infile
initialize_bomb
_IO_marker
stdin
_IO_FILE_plus
_IO_write_ptr
sys_nerr
_sbuf
short unsigned int
GNU C11 6.3.0 20170516 -mtune=generic -march=x86-64 -ggdb -O1
_IO_save_base
_lock
_flags2
_mode
__builtin_puts
stdout
_IO_2_1_stdin_
sizetype
_IO_write_end
_IO_lock_t
_IO_FILE
fopen
_pos
sys_errlist
_markers
unsigned char
short int
_vtable_offset
_IO_2_1_stdout_
exit
bomb.c
input
_next
__off64_t
_IO_read_base
/home/cahir/workspace/ii-ask/bomblab/src
_IO_save_end
__pad1
__pad2
__pad3
__pad4
__pad5
_unused2
stderr
argv
phase_1
phase_2
phase_3
phase_4
phase_5
phase_6
_IO_backup_base
argc
main
_IO_write_base
crtstuff.c
__JCR_LIST__
deregister_tm_clones
__do_global_dtors_aux
completed.6972
__do_global_dtors_aux_fini_array_entry
frame_dummy
__frame_dummy_init_array_entry
bomb.c
phases.c
array.3092
support.c
sig_handler
driverlib.c
rio_readlineb
__FRAME_END__
__JCR_END__
__init_array_end
_DYNAMIC
__init_array_start
__GNU_EH_FRAME_HDR
_GLOBAL_OFFSET_TABLE_
__libc_csu_fini
skip
getenv@@GLIBC_2.2.5
phase_defused
__errno_location@@GLIBC_2.2.5
_ITM_deregisterTMCloneTable
stdout@@GLIBC_2.2.5
strcpy@@GLIBC_2.2.5
puts@@GLIBC_2.2.5
stdin@@GLIBC_2.2.5
write@@GLIBC_2.2.5
_edata
num_input_strings
phase_5
initialize_bomb_solve
blank_line
submitr
phase_3
phase_1
invalid_phase
init_driver
alarm@@GLIBC_2.2.5
close@@GLIBC_2.2.5
node3
read@@GLIBC_2.2.5
__libc_start_main@@GLIBC_2.2.5
fgets@@GLIBC_2.2.5
explode_bomb
node1
__data_start
signal@@GLIBC_2.2.5
gethostbyname@@GLIBC_2.2.5
node5
fprintf@@GLIBC_2.2.5
__gmon_start__
strtol@@GLIBC_2.2.5
fun7
__dso_handle
_IO_stdin_used
host_table
func4
string_length
__libc_csu_init
fflush@@GLIBC_2.2.5
__isoc99_sscanf@@GLIBC_2.7
secret_phase
infile
sigalrm_handler
init_timeout
__bss_start
main
bcopy@@GLIBC_2.2.5
read_line
strings_not_equal
phase_4
fopen@@GLIBC_2.2.5
phase_6
scratch
_Jv_RegisterClasses
driver_post
phase_2
sprintf@@GLIBC_2.2.5
exit@@GLIBC_2.2.5
bomb_id
connect@@GLIBC_2.2.5
__TMC_END__
_ITM_registerTMCloneTable
node2
node4
sleep@@GLIBC_2.2.5
node6
__cxa_finalize@@GLIBC_2.2.5
read_six_numbers
initialize_bomb
__ctype_b_loc@@GLIBC_2.3
stderr@@GLIBC_2.2.5
socket@@GLIBC_2.2.5
.symtab
.strtab
.shstrtab
.interp
.note.ABI-tag
.note.gnu.build-id
.gnu.hash
.dynsym
.dynstr
.gnu.version
.gnu.version_r
.rela.dyn
.rela.plt
.init
.plt.got
.text
.fini
.rodata
.eh_frame_hdr
.eh_frame
.init_array
.fini_array
.jcr
.dynamic
.got.plt
.data
.bss
.comment
.debug_aranges
.debug_info
.debug_abbrev
.debug_line
.debug_str
.debug_loc
